 MESSAGE (FILES_OPEN): Opening FORMATTED file "wzip.inp" for reading.
 MESSAGE (PARSE_FILE): Reading input file.
 MESSAGE (PARSE_FILE): chargefile[STRING] <= "/home/taly/idea/elec/3d/protein/wzip/wzip_msn.xyzq"
 MESSAGE (PARSE_FILE): exclusionfile[STRING] <= "/home/taly/idea/elec/3d/protein/wzip/wzip_snx_xcl.dat"
 MESSAGE (PARSE_FILE): domainfile[STRING] <= "domain.dat"
 MESSAGE (PARSE_FILE): nx <= 25
 MESSAGE (PARSE_FILE): ny <= 25
 MESSAGE (PARSE_FILE): nz <= 25
 MESSAGE (PARSE_FILE): x0 <= 0
 MESSAGE (PARSE_FILE): x1 <= 45.61
 MESSAGE (PARSE_FILE): y0 <= 0
 MESSAGE (PARSE_FILE): y1 <= 45.61
 MESSAGE (PARSE_FILE): z0 <= 0
 MESSAGE (PARSE_FILE): z1 <= 45.61
 MESSAGE (PARSE_FILE): ewaldkmax <= 25
 MESSAGE (PARSE_FILE): support <= 7d0
 MESSAGE (PARSE_FILE): epsilon <= charmm
 MESSAGE (PARSE_FILE): Input file read.
 MESSAGE (FILES_CLOSE): Closing unit 101
 MESSAGE (FILES_OPEN): Opening FORMATTED file "/home/taly/idea/elec/3d/protein/wzip/wzip_msn.xyzq" for reading.
  ====> file "/home/taly/idea/elec/3d/protein/wzip/wzip_msn.xyzq" contains         9078 lines
 MESSAGE (FILES_CLOSE): Closing unit 101
  ====> Read         9078  coordinates and charges
 MESSAGE (FILES_OPEN): Opening FORMATTED file "/home/taly/idea/elec/3d/protein/wzip/wzip_snx_xcl.dat" for reading.
  ====> Read         9477 nonbonded exclusions
  ====> grid dimensions are           25          25          25
  ====> Filter support is    7.0000000000000000     
  ====> Using CHARMM permittivity.
  ====> Computing smoothed charge density
  ====> Gridding charges and computing short-range forces
  ====> Total particle charge is    3.5527136788005009E-015
  ====> Charge density integral is   -6.4890938158969985E-002
  ====> Computing long-range forces via Ewald summation
  ====> Short-range electrostatic potential energy is:   -462086.04350300360     
  ====> Long-range electrostatic potential energy is:    555.43419679848523     
  ====> Self-energy part of long-range energy is:    165789.08328947367     
  ====> Energy from pairwise exclusions is:   -588652.62018560618     
  ====> Total electrostatic potential energy is:   -38667.072410072666     
